<?xml version="1.0" encoding="UTF-8"?>
<!-- Generated by org.testng.reporters.JUnitReportReporter -->
<testsuite skipped="0" hostname="DESKTOP-BBO84C5" name="com.sumanth.frameworklearning.end2endproject.newuserregistration.VerifyEmailIdOptionalTextTest" tests="1" failures="0" timestamp="2021-04-04T16:30:18 IST" time="6.808" errors="0">
  <testcase name="verifyemailoptionaltag" time="6.808" classname="com.sumanth.frameworklearning.end2endproject.newuserregistration.VerifyEmailIdOptionalTextTest"/>
  <system-out/>
</testsuite> <!-- com.sumanth.frameworklearning.end2endproject.newuserregistration.VerifyEmailIdOptionalTextTest -->
