<?xml version="1.0" encoding="UTF-8"?>
<!-- Generated by org.testng.reporters.JUnitReportReporter -->
<testsuite skipped="0" hostname="DESKTOP-9QOF3G4" name="com.sumanth.frameworklearning.end2endproject.LaunchURLTest" tests="1" failures="0" timestamp="2020-06-08T13:59:47 IST" time="58.824" errors="0">
  <testcase name="launchURL" time="58.824" classname="com.sumanth.frameworklearning.end2endproject.LaunchURLTest"/>
  <system-out/>
</testsuite> <!-- com.sumanth.frameworklearning.end2endproject.LaunchURLTest -->
