<?xml version="1.0" encoding="UTF-8"?>
<!-- Generated by org.testng.reporters.JUnitReportReporter -->
<testsuite skipped="0" hostname="DESKTOP-BBO84C5" name="com.sumanth.frameworklearning.end2endproject.newuserregistration.VerifyIndiaMobileCodeTest" tests="1" failures="0" timestamp="2021-04-04T16:17:37 IST" time="8.743" errors="0">
  <testcase name="verifyIndiaMobileCode" time="8.743" classname="com.sumanth.frameworklearning.end2endproject.newuserregistration.VerifyIndiaMobileCodeTest"/>
  <system-out/>
</testsuite> <!-- com.sumanth.frameworklearning.end2endproject.newuserregistration.VerifyIndiaMobileCodeTest -->
