<?xml version="1.0" encoding="UTF-8"?>
<!-- Generated by org.testng.reporters.JUnitReportReporter -->
<testsuite skipped="0" hostname="DESKTOP-9QOF3G4" name="com.sumanth.frameworklearning.end2endproject.LaunchURL" tests="1" failures="0" timestamp="2020-06-07T23:28:24 IST" time="46.115" errors="0">
  <testcase name="launchURL" time="46.115" classname="com.sumanth.frameworklearning.end2endproject.LaunchURL"/>
  <system-out/>
</testsuite> <!-- com.sumanth.frameworklearning.end2endproject.LaunchURL -->
