<?xml version="1.0" encoding="UTF-8"?>
<!-- Generated by org.testng.reporters.JUnitReportReporter -->
<testsuite skipped="0" hostname="DESKTOP-9QOF3G4" name="com.sumanth.frameworklearning.end2endproject.URLTest" tests="1" failures="0" timestamp="2020-06-07T22:54:19 IST" time="37.479" errors="0">
  <testcase name="launchURL" time="37.479" classname="com.sumanth.frameworklearning.end2endproject.URLTest"/>
  <system-out/>
</testsuite> <!-- com.sumanth.frameworklearning.end2endproject.URLTest -->
