<?xml version="1.0" encoding="UTF-8"?>
<!-- Generated by org.testng.reporters.JUnitReportReporter -->
<testsuite skipped="0" hostname="DESKTOP-BBO84C5" name="com.sumanth.frameworklearning.end2endproject.launchpage.LaunchURLTest" tests="1" failures="0" timestamp="2021-04-04T16:30:18 IST" time="8.228" errors="0">
  <testcase name="launchURL" time="8.228" classname="com.sumanth.frameworklearning.end2endproject.launchpage.LaunchURLTest"/>
  <system-out/>
</testsuite> <!-- com.sumanth.frameworklearning.end2endproject.launchpage.LaunchURLTest -->
