<?xml version="1.0" encoding="UTF-8"?>
<!-- Generated by org.testng.reporters.JUnitReportReporter -->
<testsuite skipped="0" hostname="DESKTOP-BBO84C5" name="com.sumanth.frameworklearning.end2endproject.newuserregistration.VerifyEmailIdOptionalTextTest" tests="1" failures="0" timestamp="2021-04-05T01:39:56 IST" time="8.758" errors="0">
  <testcase name="verifyemailoptionaltag" time="8.758" classname="com.sumanth.frameworklearning.end2endproject.newuserregistration.VerifyEmailIdOptionalTextTest"/>
  <system-out/>
</testsuite> <!-- com.sumanth.frameworklearning.end2endproject.newuserregistration.VerifyEmailIdOptionalTextTest -->
