<?xml version="1.0" encoding="UTF-8"?>
<!-- Generated by org.testng.reporters.JUnitReportReporter -->
<testsuite skipped="0" hostname="DESKTOP-BBO84C5" name="com.sumanth.frameworklearning.end2endproject.newuserregistration.VerifyIndiaMobileCodeTest" tests="1" failures="0" timestamp="2021-04-05T01:39:56 IST" time="3.725" errors="0">
  <testcase name="verifyIndiaMobileCode" time="3.725" classname="com.sumanth.frameworklearning.end2endproject.newuserregistration.VerifyIndiaMobileCodeTest"/>
  <system-out/>
</testsuite> <!-- com.sumanth.frameworklearning.end2endproject.newuserregistration.VerifyIndiaMobileCodeTest -->
