<?xml version="1.0" encoding="UTF-8"?>
<!-- Generated by org.testng.reporters.JUnitReportReporter -->
<testsuite skipped="0" hostname="DESKTOP-BBO84C5" name="com.sumanth.frameworklearning.end2endproject.launchpage.LaunchURLTest" tests="1" failures="0" timestamp="2021-04-05T01:39:56 IST" time="1.950" errors="0">
  <testcase name="launchURL" time="1.950" classname="com.sumanth.frameworklearning.end2endproject.launchpage.LaunchURLTest"/>
  <system-out/>
</testsuite> <!-- com.sumanth.frameworklearning.end2endproject.launchpage.LaunchURLTest -->
